TN:
SF:src/config.ts
FN:8,readString
FN:13,readNumber
FNF:2
FNH:2
FNDA:84,readString
FNDA:15,readNumber
DA:9,84
DA:10,84
DA:14,15
DA:15,15
DA:16,0
DA:17,0
DA:24,3
DA:34,3
LF:8
LH:6
BRDA:10,0,0,3
BRDA:10,0,1,81
BRDA:10,1,0,84
BRDA:10,1,1,3
BRDA:15,2,0,15
BRDA:15,2,1,0
BRDA:17,3,0,0
BRDA:17,3,1,0
BRF:8
BRH:5
end_of_record
TN:
SF:src/logger.ts
FN:50,(anonymous_0)
FN:72,(anonymous_1)
FN:105,(anonymous_2)
FN:109,(anonymous_3)
FN:113,(anonymous_4)
FNF:5
FNH:1
FNDA:3,(anonymous_0)
FNDA:0,(anonymous_1)
FNDA:0,(anonymous_2)
FNDA:0,(anonymous_3)
FNDA:0,(anonymous_4)
DA:21,3
DA:25,3
DA:26,3
DA:34,3
DA:50,3
DA:51,3
DA:52,3
DA:54,0
DA:57,0
DA:58,0
DA:63,0
DA:64,0
DA:69,0
DA:73,0
DA:74,0
DA:75,0
DA:76,0
DA:77,0
DA:78,0
DA:79,0
DA:80,0
DA:83,0
DA:84,0
DA:85,0
DA:86,0
DA:87,0
DA:88,0
DA:90,0
DA:101,0
DA:102,0
DA:103,0
DA:105,0
DA:106,0
DA:107,0
DA:109,0
DA:110,0
DA:111,0
DA:113,0
DA:114,0
DA:115,0
DA:118,0
DA:120,0
DA:121,0
LF:43
LH:7
BRDA:25,0,0,3
BRDA:25,0,1,0
BRDA:51,1,0,3
BRDA:51,1,1,0
BRDA:75,2,0,0
BRDA:75,2,1,0
BRDA:76,3,0,0
BRDA:76,3,1,0
BRDA:79,4,0,0
BRDA:79,4,1,0
BRDA:80,5,0,0
BRDA:80,5,1,0
BRDA:83,6,0,0
BRDA:83,6,1,0
BRDA:85,7,0,0
BRDA:85,7,1,0
BRDA:87,8,0,0
BRDA:87,8,1,0
BRF:18
BRH:2
end_of_record
TN:
SF:src/types.ts
FNF:0
FNH:0
LF:0
LH:0
BRF:0
BRH:0
end_of_record
TN:
SF:src/auth/saml.ts
FN:32,createSamlStrategy
FN:62,(anonymous_1)
FN:107,buildSloRedirectUrl
FN:111,(anonymous_3)
FN:113,(anonymous_4)
FNF:5
FNH:0
FNDA:0,createSamlStrategy
FNDA:0,(anonymous_1)
FNDA:0,buildSloRedirectUrl
FNDA:0,(anonymous_3)
FNDA:0,(anonymous_4)
DA:42,0
DA:43,0
DA:46,0
DA:63,0
DA:64,0
DA:67,0
DA:93,0
DA:111,0
DA:112,0
DA:115,0
DA:116,0
DA:117,0
LF:12
LH:0
BRDA:42,0,0,0
BRDA:42,0,1,0
BRDA:42,1,0,0
BRDA:42,1,1,0
BRDA:55,2,0,0
BRDA:55,2,1,0
BRDA:63,3,0,0
BRDA:63,3,1,0
BRDA:68,4,0,0
BRDA:68,4,1,0
BRDA:69,5,0,0
BRDA:69,5,1,0
BRDA:71,6,0,0
BRDA:71,6,1,0
BRDA:71,6,2,0
BRDA:75,7,0,0
BRDA:75,7,1,0
BRDA:75,7,2,0
BRDA:75,7,3,0
BRDA:79,8,0,0
BRDA:79,8,1,0
BRDA:79,8,2,0
BRDA:83,9,0,0
BRDA:83,9,1,0
BRDA:83,9,2,0
BRDA:87,10,0,0
BRDA:87,10,1,0
BRDA:115,11,0,0
BRDA:115,11,1,0
BRDA:116,12,0,0
BRDA:116,12,1,0
BRF:31
BRH:0
end_of_record
TN:
SF:src/auth/session.ts
FN:26,createSessionMiddleware
FNF:1
FNH:0
FNDA:0,createSessionMiddleware
DA:12,0
DA:27,0
LF:2
LH:0
BRF:0
BRH:0
end_of_record
TN:
SF:src/middleware/ensureAuth.ts
FN:7,ensureAuthenticated
FNF:1
FNH:1
FNDA:2,ensureAuthenticated
DA:12,2
DA:13,1
DA:15,1
LF:3
LH:3
BRDA:12,0,0,1
BRDA:12,0,1,1
BRF:2
BRH:2
end_of_record
TN:
SF:src/repositories/index.ts
FN:25,rowToGuest
FN:45,listGuests
FN:77,getGuest
FN:84,createGuest
FN:112,updateGuest
FN:143,deleteGuest
FN:161,rowToSede
FN:173,listSedi
FN:179,getSedeById
FN:186,getSedeByCode
FN:207,rowToWlc
FN:225,getWlcConfigBySede
FN:254,getWlcConfig
FN:258,updateWlcConfigBySede
FN:290,updateWlcConfig
FN:317,getEmailConfig
FN:333,updateEmailConfig
FN:354,getSmsConfig
FN:367,updateSmsConfig
FN:387,listSyncLogs
FN:396,(anonymous_20)
FN:407,addSyncLog
FN:415,clearSyncLogs
FNF:23
FNH:0
FNDA:0,rowToGuest
FNDA:0,listGuests
FNDA:0,getGuest
FNDA:0,createGuest
FNDA:0,updateGuest
FNDA:0,deleteGuest
FNDA:0,rowToSede
FNDA:0,listSedi
FNDA:0,getSedeById
FNDA:0,getSedeByCode
FNDA:0,rowToWlc
FNDA:0,getWlcConfigBySede
FNDA:0,getWlcConfig
FNDA:0,updateWlcConfigBySede
FNDA:0,updateWlcConfig
FNDA:0,getEmailConfig
FNDA:0,updateEmailConfig
FNDA:0,getSmsConfig
FNDA:0,updateSmsConfig
FNDA:0,listSyncLogs
FNDA:0,(anonymous_20)
FNDA:0,addSyncLog
FNDA:0,clearSyncLogs
DA:26,0
DA:46,0
DA:47,0
DA:48,0
DA:49,0
DA:50,0
DA:51,0
DA:52,0
DA:54,0
DA:55,0
DA:56,0
DA:58,0
DA:59,0
DA:60,0
DA:72,0
DA:73,0
DA:74,0
DA:78,0
DA:79,0
DA:80,0
DA:81,0
DA:87,0
DA:88,0
DA:89,0
DA:109,0
DA:113,0
DA:114,0
DA:129,0
DA:130,0
DA:131,0
DA:132,0
DA:133,0
DA:134,0
DA:135,0
DA:137,0
DA:138,0
DA:139,0
DA:140,0
DA:144,0
DA:145,0
DA:146,0
DA:162,0
DA:174,0
DA:175,0
DA:176,0
DA:180,0
DA:181,0
DA:182,0
DA:183,0
DA:187,0
DA:188,0
DA:189,0
DA:190,0
DA:208,0
DA:226,0
DA:228,0
DA:229,0
DA:233,0
DA:234,0
DA:237,0
DA:239,0
DA:240,0
DA:241,0
DA:247,0
DA:255,0
DA:259,0
DA:260,0
DA:269,0
DA:270,0
DA:271,0
DA:272,0
DA:273,0
DA:274,0
DA:275,0
DA:277,0
DA:278,0
DA:284,0
DA:291,0
DA:292,0
DA:301,0
DA:302,0
DA:303,0
DA:304,0
DA:305,0
DA:306,0
DA:307,0
DA:309,0
DA:310,0
DA:312,0
DA:318,0
DA:319,0
DA:320,0
DA:321,0
DA:334,0
DA:335,0
DA:340,0
DA:341,0
DA:342,0
DA:343,0
DA:344,0
DA:345,0
DA:346,0
DA:348,0
DA:349,0
DA:351,0
DA:355,0
DA:356,0
DA:357,0
DA:358,0
DA:368,0
DA:369,0
DA:373,0
DA:374,0
DA:375,0
DA:376,0
DA:377,0
DA:378,0
DA:379,0
DA:381,0
DA:382,0
DA:384,0
DA:388,0
DA:392,0
DA:396,0
DA:408,0
DA:409,0
DA:416,0
DA:417,0
LF:128
LH:0
BRDA:49,0,0,0
BRDA:49,0,1,0
BRDA:49,1,0,0
BRDA:49,1,1,0
BRDA:54,2,0,0
BRDA:54,2,1,0
BRDA:54,3,0,0
BRDA:54,3,1,0
BRDA:58,4,0,0
BRDA:58,4,1,0
BRDA:72,5,0,0
BRDA:72,5,1,0
BRDA:81,6,0,0
BRDA:81,6,1,0
BRDA:88,7,0,0
BRDA:88,7,1,0
BRDA:98,8,0,0
BRDA:98,8,1,0
BRDA:101,9,0,0
BRDA:101,9,1,0
BRDA:104,10,0,0
BRDA:104,10,1,0
BRDA:105,11,0,0
BRDA:105,11,1,0
BRDA:106,12,0,0
BRDA:106,12,1,0
BRDA:133,13,0,0
BRDA:133,13,1,0
BRDA:137,14,0,0
BRDA:137,14,1,0
BRDA:167,15,0,0
BRDA:167,15,1,0
BRDA:168,16,0,0
BRDA:168,16,1,0
BRDA:183,17,0,0
BRDA:183,17,1,0
BRDA:190,18,0,0
BRDA:190,18,1,0
BRDA:217,19,0,0
BRDA:217,19,1,0
BRDA:228,20,0,0
BRDA:228,20,1,0
BRDA:233,21,0,0
BRDA:233,21,1,0
BRDA:240,22,0,0
BRDA:240,22,1,0
BRDA:273,23,0,0
BRDA:273,23,1,0
BRDA:277,24,0,0
BRDA:277,24,1,0
BRDA:305,25,0,0
BRDA:305,25,1,0
BRDA:309,26,0,0
BRDA:309,26,1,0
BRDA:320,27,0,0
BRDA:320,27,1,0
BRDA:323,28,0,0
BRDA:323,28,1,0
BRDA:324,29,0,0
BRDA:324,29,1,0
BRDA:325,30,0,0
BRDA:325,30,1,0
BRDA:326,31,0,0
BRDA:326,31,1,0
BRDA:328,32,0,0
BRDA:328,32,1,0
BRDA:329,33,0,0
BRDA:329,33,1,0
BRDA:344,34,0,0
BRDA:344,34,1,0
BRDA:348,35,0,0
BRDA:348,35,1,0
BRDA:357,36,0,0
BRDA:357,36,1,0
BRDA:360,37,0,0
BRDA:360,37,1,0
BRDA:361,38,0,0
BRDA:361,38,1,0
BRDA:362,39,0,0
BRDA:362,39,1,0
BRDA:363,40,0,0
BRDA:363,40,1,0
BRDA:377,41,0,0
BRDA:377,41,1,0
BRDA:381,42,0,0
BRDA:381,42,1,0
BRDA:387,43,0,0
BRDA:401,44,0,0
BRDA:401,44,1,0
BRDA:402,45,0,0
BRDA:402,45,1,0
BRDA:403,46,0,0
BRDA:403,46,1,0
BRDA:411,47,0,0
BRDA:411,47,1,0
BRDA:411,48,0,0
BRDA:411,48,1,0
BRDA:411,49,0,0
BRDA:411,49,1,0
BRF:99
BRH:0
end_of_record
TN:
SF:src/routes/auth.ts
FN:25,createAuthRouter
FN:31,(anonymous_1)
FN:38,(anonymous_2)
FN:42,(anonymous_3)
FN:43,(anonymous_4)
FN:45,(anonymous_5)
FN:52,(anonymous_6)
FN:56,(anonymous_7)
FN:70,(anonymous_8)
FN:84,(anonymous_9)
FN:87,(anonymous_10)
FN:109,(anonymous_11)
FN:114,(anonymous_12)
FN:115,(anonymous_13)
FN:125,(anonymous_14)
FN:127,(anonymous_15)
FN:128,(anonymous_16)
FN:138,(anonymous_17)
FN:144,(anonymous_18)
FN:145,(anonymous_19)
FN:172,(anonymous_20)
FNF:21
FNH:0
FNDA:0,createAuthRouter
FNDA:0,(anonymous_1)
FNDA:0,(anonymous_2)
FNDA:0,(anonymous_3)
FNDA:0,(anonymous_4)
FNDA:0,(anonymous_5)
FNDA:0,(anonymous_6)
FNDA:0,(anonymous_7)
FNDA:0,(anonymous_8)
FNDA:0,(anonymous_9)
FNDA:0,(anonymous_10)
FNDA:0,(anonymous_11)
FNDA:0,(anonymous_12)
FNDA:0,(anonymous_13)
FNDA:0,(anonymous_14)
FNDA:0,(anonymous_15)
FNDA:0,(anonymous_16)
FNDA:0,(anonymous_17)
FNDA:0,(anonymous_18)
FNDA:0,(anonymous_19)
FNDA:0,(anonymous_20)
DA:26,0
DA:27,0
DA:29,0
DA:31,0
DA:32,0
DA:38,0
DA:39,0
DA:42,0
DA:43,0
DA:44,0
DA:45,0
DA:46,0
DA:47,0
DA:52,0
DA:53,0
DA:56,0
DA:58,0
DA:61,0
DA:70,0
DA:71,0
DA:72,0
DA:73,0
DA:84,0
DA:85,0
DA:88,0
DA:89,0
DA:90,0
DA:92,0
DA:93,0
DA:94,0
DA:95,0
DA:109,0
DA:110,0
DA:112,0
DA:114,0
DA:115,0
DA:116,0
DA:117,0
DA:120,0
DA:124,0
DA:127,0
DA:128,0
DA:129,0
DA:130,0
DA:134,0
DA:140,0
DA:144,0
DA:145,0
DA:146,0
DA:147,0
DA:159,0
DA:172,0
DA:173,0
DA:174,0
DA:179,0
DA:180,0
DA:193,0
LF:57
LH:0
BRDA:29,0,0,0
BRDA:29,0,1,0
BRDA:44,1,0,0
BRDA:44,1,1,0
BRDA:71,2,0,0
BRDA:71,2,1,0
BRDA:88,3,0,0
BRDA:88,3,1,0
BRDA:89,4,0,0
BRDA:89,4,1,0
BRDA:93,5,0,0
BRDA:93,5,1,0
BRDA:112,6,0,0
BRDA:112,6,1,0
BRDA:112,7,0,0
BRDA:112,7,1,0
BRDA:173,8,0,0
BRDA:173,8,1,0
BRF:18
BRH:0
end_of_record
TN:
SF:src/routes/index.ts
FN:41,(anonymous_0)
FN:51,(anonymous_1)
FN:56,(anonymous_2)
FN:71,(anonymous_3)
FN:113,(anonymous_4)
FN:163,(anonymous_5)
FN:223,(anonymous_6)
FN:266,(anonymous_7)
FN:298,(anonymous_8)
FN:337,(anonymous_9)
FN:385,(anonymous_10)
FN:399,(anonymous_11)
FN:434,(anonymous_12)
FN:506,(anonymous_13)
FN:587,(anonymous_14)
FN:624,(anonymous_15)
FN:645,(anonymous_16)
FN:664,(anonymous_17)
FN:680,(anonymous_18)
FN:681,(anonymous_19)
FN:682,(anonymous_20)
FN:683,(anonymous_21)
FN:684,(anonymous_22)
FN:685,(anonymous_23)
FN:689,(anonymous_24)
FN:690,(anonymous_25)
FNF:26
FNH:25
FNDA:1,(anonymous_0)
FNDA:1,(anonymous_1)
FNDA:3,(anonymous_2)
FNDA:10,(anonymous_3)
FNDA:10,(anonymous_4)
FNDA:5,(anonymous_5)
FNDA:4,(anonymous_6)
FNDA:4,(anonymous_7)
FNDA:3,(anonymous_8)
FNDA:1,(anonymous_9)
FNDA:2,(anonymous_10)
FNDA:3,(anonymous_11)
FNDA:2,(anonymous_12)
FNDA:3,(anonymous_13)
FNDA:2,(anonymous_14)
FNDA:0,(anonymous_15)
FNDA:2,(anonymous_16)
FNDA:1,(anonymous_17)
FNDA:1,(anonymous_18)
FNDA:1,(anonymous_19)
FNDA:1,(anonymous_20)
FNDA:1,(anonymous_21)
FNDA:1,(anonymous_22)
FNDA:1,(anonymous_23)
FNDA:1,(anonymous_24)
FNDA:1,(anonymous_25)
DA:37,2
DA:41,2
DA:42,1
DA:47,2
DA:51,2
DA:52,1
DA:53,1
DA:56,2
DA:57,3
DA:58,3
DA:59,1
DA:61,2
DA:62,2
DA:65,1
DA:66,1
DA:71,2
DA:72,10
DA:73,10
DA:74,1
DA:80,9
DA:81,9
DA:82,9
DA:84,7
DA:87,2
DA:93,2
DA:94,1
DA:101,1
DA:102,1
DA:110,2
DA:113,2
DA:114,10
DA:115,10
DA:116,1
DA:121,9
DA:122,9
DA:123,9
DA:124,9
DA:125,9
DA:127,8
DA:130,1
DA:147,1
DA:154,1
DA:155,0
DA:157,1
DA:158,0
DA:160,1
DA:163,2
DA:164,5
DA:165,5
DA:166,1
DA:171,4
DA:172,4
DA:174,2
DA:177,2
DA:178,1
DA:185,1
DA:189,1
DA:190,1
DA:191,1
DA:193,0
DA:196,1
DA:210,1
DA:217,1
DA:218,0
DA:220,1
DA:223,2
DA:224,4
DA:225,4
DA:226,1
DA:231,3
DA:232,3
DA:233,3
DA:234,3
DA:236,2
DA:239,1
DA:253,1
DA:260,1
DA:261,0
DA:263,1
DA:266,2
DA:267,4
DA:268,4
DA:269,2
DA:271,2
DA:282,2
DA:283,0
DA:285,2
DA:286,2
DA:298,2
DA:299,3
DA:300,3
DA:301,1
DA:305,2
DA:316,2
DA:317,0
DA:320,2
DA:321,2
DA:322,1
DA:326,1
DA:330,3
DA:334,0
DA:337,3
DA:339,3
DA:340,3
DA:342,3
DA:343,2
DA:344,1
DA:345,1
DA:347,1
DA:362,1
DA:363,1
DA:372,1
DA:385,2
DA:386,2
DA:387,2
DA:388,2
DA:389,2
DA:390,2
DA:399,2
DA:400,3
DA:401,3
DA:402,1
DA:406,2
DA:407,2
DA:409,0
DA:412,2
DA:413,2
DA:428,3
DA:430,2
DA:431,2
DA:434,2
DA:435,2
DA:436,0
DA:444,2
DA:461,2
DA:468,2
DA:469,0
DA:473,2
DA:474,1
DA:485,1
DA:495,2
DA:498,2
DA:506,2
DA:507,3
DA:508,3
DA:509,3
DA:510,2
DA:511,1
DA:516,1
DA:517,1
DA:519,1
DA:520,0
DA:522,0
DA:523,0
DA:524,1
DA:541,1
DA:542,1
DA:550,0
DA:559,1
DA:570,1
DA:578,1
DA:587,2
DA:588,2
DA:589,2
DA:590,2
DA:591,2
DA:592,1
DA:593,1
DA:595,1
DA:596,1
DA:597,0
DA:598,1
DA:604,1
DA:605,1
DA:607,1
DA:612,0
DA:613,0
DA:624,0
DA:633,0
DA:640,1
DA:642,1
DA:645,2
DA:646,2
DA:647,2
DA:648,2
DA:649,1
DA:651,1
DA:652,0
DA:653,1
DA:664,1
DA:673,1
DA:675,1
DA:680,2
DA:681,2
DA:682,2
DA:683,2
DA:684,2
DA:685,2
DA:689,2
DA:690,2
DA:691,1
DA:692,1
LF:202
LH:181
BRDA:58,0,0,1
BRDA:58,0,1,2
BRDA:62,1,0,1
BRDA:62,1,1,1
BRDA:72,2,0,10
BRDA:72,2,1,0
BRDA:73,3,0,1
BRDA:73,3,1,9
BRDA:73,4,0,10
BRDA:73,4,1,10
BRDA:73,4,2,9
BRDA:89,5,0,2
BRDA:89,5,1,0
BRDA:93,6,0,1
BRDA:93,6,1,1
BRDA:93,7,0,2
BRDA:93,7,1,1
BRDA:96,8,0,1
BRDA:96,8,1,0
BRDA:101,9,0,1
BRDA:101,9,1,0
BRDA:101,10,0,1
BRDA:101,10,1,1
BRDA:101,10,2,0
BRDA:104,11,0,1
BRDA:104,11,1,0
BRDA:114,12,0,10
BRDA:114,12,1,0
BRDA:115,13,0,1
BRDA:115,13,1,9
BRDA:115,14,0,10
BRDA:115,14,1,10
BRDA:115,14,2,9
BRDA:115,14,3,9
BRDA:115,14,4,9
BRDA:132,15,0,1
BRDA:132,15,1,0
BRDA:140,16,0,1
BRDA:140,16,1,0
BRDA:150,17,0,1
BRDA:150,17,1,0
BRDA:152,18,0,1
BRDA:152,18,1,0
BRDA:154,19,0,0
BRDA:154,19,1,1
BRDA:154,20,0,1
BRDA:154,20,1,0
BRDA:154,21,0,0
BRDA:154,21,1,0
BRDA:157,22,0,0
BRDA:157,22,1,1
BRDA:158,23,0,0
BRDA:158,23,1,0
BRDA:164,24,0,5
BRDA:164,24,1,0
BRDA:165,25,0,1
BRDA:165,25,1,4
BRDA:165,26,0,5
BRDA:165,26,1,4
BRDA:165,26,2,4
BRDA:165,26,3,4
BRDA:177,27,0,1
BRDA:177,27,1,1
BRDA:181,28,0,1
BRDA:181,28,1,1
BRDA:198,29,0,1
BRDA:198,29,1,1
BRDA:213,30,0,1
BRDA:213,30,1,1
BRDA:215,31,0,1
BRDA:215,31,1,0
BRDA:217,32,0,0
BRDA:217,32,1,1
BRDA:218,33,0,0
BRDA:218,33,1,0
BRDA:224,34,0,4
BRDA:224,34,1,0
BRDA:225,35,0,1
BRDA:225,35,1,3
BRDA:225,36,0,4
BRDA:225,36,1,3
BRDA:225,36,2,3
BRDA:225,36,3,3
BRDA:241,37,0,1
BRDA:241,37,1,1
BRDA:256,38,0,1
BRDA:256,38,1,1
BRDA:258,39,0,1
BRDA:258,39,1,0
BRDA:260,40,0,0
BRDA:260,40,1,1
BRDA:261,41,0,0
BRDA:261,41,1,0
BRDA:267,42,0,4
BRDA:267,42,1,0
BRDA:268,43,0,2
BRDA:268,43,1,2
BRDA:268,44,0,4
BRDA:268,44,1,2
BRDA:268,44,2,2
BRDA:273,45,0,2
BRDA:273,45,1,2
BRDA:282,46,0,0
BRDA:282,46,1,2
BRDA:283,47,0,0
BRDA:283,47,1,0
BRDA:299,48,0,3
BRDA:299,48,1,0
BRDA:300,49,0,1
BRDA:300,49,1,2
BRDA:300,50,0,3
BRDA:300,50,1,2
BRDA:300,50,2,2
BRDA:307,51,0,2
BRDA:307,51,1,2
BRDA:316,52,0,0
BRDA:316,52,1,2
BRDA:317,53,0,0
BRDA:317,53,1,0
BRDA:321,54,0,1
BRDA:321,54,1,1
BRDA:326,55,0,1
BRDA:326,55,1,0
BRDA:330,56,0,1
BRDA:330,56,1,0
BRDA:334,57,0,1
BRDA:334,57,1,0
BRDA:343,58,0,1
BRDA:343,58,1,1
BRDA:364,59,0,1
BRDA:364,59,1,0
BRDA:366,60,0,2
BRDA:366,60,1,1
BRDA:378,61,0,1
BRDA:378,61,1,0
BRDA:386,62,0,2
BRDA:386,62,1,1
BRDA:387,63,0,2
BRDA:387,63,1,1
BRDA:388,64,0,1
BRDA:388,64,1,1
BRDA:389,65,0,1
BRDA:389,65,1,1
BRDA:400,66,0,3
BRDA:400,66,1,0
BRDA:401,67,0,1
BRDA:401,67,1,2
BRDA:401,68,0,3
BRDA:401,68,1,2
BRDA:401,68,2,2
BRDA:401,68,3,2
BRDA:416,69,0,1
BRDA:416,69,1,1
BRDA:417,70,0,0
BRDA:417,70,1,2
BRDA:418,71,0,0
BRDA:418,71,1,2
BRDA:425,72,0,0
BRDA:425,72,1,2
BRDA:435,73,0,0
BRDA:435,73,1,2
BRDA:466,74,0,2
BRDA:466,74,1,0
BRDA:468,75,0,0
BRDA:468,75,1,2
BRDA:473,76,0,1
BRDA:473,76,1,1
BRDA:477,77,0,0
BRDA:477,77,1,1
BRDA:486,78,0,1
BRDA:486,78,1,0
BRDA:490,79,0,1
BRDA:490,79,1,0
BRDA:509,80,0,1
BRDA:509,80,1,2
BRDA:510,81,0,1
BRDA:510,81,1,1
BRDA:519,82,0,1
BRDA:519,82,1,0
BRDA:523,83,0,1
BRDA:523,83,1,0
BRDA:547,84,0,1
BRDA:547,84,1,0
BRDA:571,85,0,1
BRDA:571,85,1,0
BRDA:575,86,0,1
BRDA:575,86,1,0
BRDA:589,87,0,2
BRDA:589,87,1,0
BRDA:591,88,0,1
BRDA:591,88,1,1
BRDA:593,89,0,0
BRDA:593,89,1,1
BRDA:595,90,0,1
BRDA:595,90,1,0
BRDA:595,91,0,1
BRDA:595,91,1,1
BRDA:596,92,0,1
BRDA:596,92,1,0
BRDA:597,93,0,1
BRDA:597,93,1,0
BRDA:598,94,0,1
BRDA:598,94,1,0
BRDA:604,95,0,1
BRDA:604,95,1,0
BRDA:612,96,0,0
BRDA:612,96,1,0
BRDA:628,97,0,0
BRDA:628,97,1,0
BRDA:648,98,0,1
BRDA:648,98,1,1
BRDA:651,99,0,1
BRDA:651,99,1,0
BRDA:652,100,0,1
BRDA:652,100,1,-1
BRDA:668,101,0,1
BRDA:668,101,1,0
BRDA:681,102,0,1
BRDA:681,102,1,0
BRDA:683,103,0,1
BRDA:683,103,1,0
BRDA:685,104,0,1
BRDA:685,104,1,0
BRF:223
BRH:150
end_of_record
TN:
SF:src/services/email.ts
FN:22,buildTransporter
FN:73,sendCredentialEmail
FNF:2
FNH:2
FNDA:6,buildTransporter
FNDA:8,sendCredentialEmail
DA:19,2
DA:20,2
DA:23,6
DA:24,6
DA:26,5
DA:29,5
DA:31,2
DA:33,2
DA:34,2
DA:44,6
DA:45,6
DA:46,6
DA:74,8
DA:75,8
DA:76,8
DA:79,8
DA:80,8
DA:82,2
DA:83,1
DA:87,1
DA:91,6
DA:92,6
DA:93,6
DA:94,5
DA:95,5
DA:102,4
DA:104,1
DA:109,1
DA:110,1
DA:111,1
LF:30
LH:30
BRDA:24,0,0,1
BRDA:24,0,1,5
BRDA:29,1,0,3
BRDA:29,1,1,2
BRDA:29,2,0,5
BRDA:29,2,1,4
BRDA:31,3,0,1
BRDA:31,3,1,1
BRDA:39,4,0,1
BRDA:39,4,1,1
BRDA:39,5,0,2
BRDA:39,5,1,1
BRDA:39,5,2,1
BRDA:80,6,0,2
BRDA:80,6,1,6
BRDA:82,7,0,1
BRDA:82,7,1,1
BRDA:93,8,0,5
BRDA:93,8,1,1
BRDA:96,9,0,5
BRDA:96,9,1,1
BRF:21
BRH:21
end_of_record
TN:
SF:src/services/graphMail.ts
FN:39,buildHtmlBody
FN:66,buildTextBody
FN:84,escapeHtml
FN:98,sendViaGraph
FNF:4
FNH:4
FNDA:22,buildHtmlBody
FNDA:18,buildTextBody
FNDA:154,escapeHtml
FNDA:6,sendViaGraph
DA:40,22
DA:67,18
DA:85,154
DA:99,6
DA:100,1
DA:103,5
DA:104,5
DA:106,5
DA:107,5
DA:113,5
DA:117,5
DA:119,5
DA:120,5
DA:121,5
DA:123,5
DA:136,5
DA:141,3
DA:142,3
DA:144,2
DA:145,2
LF:20
LH:20
BRDA:99,0,0,1
BRDA:99,0,1,5
BRF:2
BRH:2
end_of_record
TN:
SF:src/services/timer.ts
FN:24,tickTimers
FN:47,syncSedeWlc
FN:98,(anonymous_2)
FN:106,(anonymous_3)
FN:167,syncWithAllWlc
FN:178,startBackgroundServices
FN:182,(anonymous_6)
FN:183,(anonymous_7)
FN:187,stopBackgroundServices
FNF:9
FNH:9
FNDA:189,tickTimers
FNDA:6,syncSedeWlc
FNDA:3,(anonymous_2)
FNDA:1,(anonymous_3)
FNDA:6,syncWithAllWlc
FNDA:17,startBackgroundServices
FNDA:189,(anonymous_6)
FNDA:6,(anonymous_7)
FNDA:17,stopBackgroundServices
DA:21,1
DA:22,1
DA:25,189
DA:26,189
DA:27,189
DA:28,188
DA:29,188
DA:30,98
DA:31,94
DA:32,94
DA:33,93
DA:34,93
DA:35,93
DA:36,1
DA:37,1
DA:38,92
DA:39,91
DA:43,1
DA:48,6
DA:49,6
DA:51,5
DA:64,5
DA:65,1
DA:72,1
DA:78,4
DA:79,4
DA:80,4
DA:83,4
DA:84,4
DA:85,1
DA:91,4
DA:92,1
DA:93,0
DA:96,4
DA:97,4
DA:98,4
DA:100,4
DA:101,1
DA:105,4
DA:106,4
DA:108,4
DA:109,1
DA:110,1
DA:113,1
DA:114,1
DA:128,1
DA:129,1
DA:130,1
DA:137,1
DA:141,4
DA:142,1
DA:143,1
DA:144,1
DA:145,1
DA:146,1
DA:156,4
DA:158,4
DA:168,6
DA:169,6
DA:170,5
DA:171,6
DA:174,1
DA:179,17
DA:180,17
DA:182,189
DA:183,17
DA:184,17
DA:188,17
DA:189,17
DA:190,17
DA:191,17
LF:71
LH:70
BRDA:30,0,0,4
BRDA:30,0,1,94
BRDA:30,1,0,98
BRDA:30,1,1,95
BRDA:32,2,0,1
BRDA:32,2,1,93
BRDA:35,3,0,1
BRDA:35,3,1,92
BRDA:38,4,0,91
BRDA:38,4,1,1
BRDA:49,5,0,1
BRDA:49,5,1,5
BRDA:64,6,0,1
BRDA:64,6,1,4
BRDA:92,7,0,0
BRDA:92,7,1,1
BRDA:109,8,0,0
BRDA:109,8,1,1
BRDA:110,9,0,0
BRDA:110,9,1,1
BRDA:113,10,0,1
BRDA:113,10,1,1
BRDA:142,11,0,0
BRDA:142,11,1,1
BRDA:143,12,0,1
BRDA:143,12,1,0
BRDA:143,13,0,1
BRDA:143,13,1,1
BRDA:179,14,0,1
BRDA:179,14,1,16
BRDA:180,15,0,1
BRDA:180,15,1,16
BRDA:188,16,0,16
BRDA:188,16,1,1
BRDA:189,17,0,16
BRDA:189,17,1,1
BRF:36
BRH:31
end_of_record
TN:
SF:src/services/wlcSsh.ts
FN:39,execSsh
FN:40,(anonymous_1)
FN:55,(anonymous_2)
FN:62,(anonymous_3)
FN:66,(anonymous_4)
FN:67,(anonymous_5)
FN:79,(anonymous_6)
FN:82,(anonymous_7)
FN:85,(anonymous_8)
FN:98,(anonymous_9)
FN:120,(anonymous_10)
FN:131,(anonymous_11)
FN:137,(anonymous_12)
FN:139,(anonymous_13)
FN:153,parseUsernameList
FN:172,getGuestUsers
FN:173,(anonymous_16)
FN:173,(anonymous_17)
FN:189,parseLifetimeToMinutes
FN:224,extractGuestUsers
FN:291,minutesToLifetime
FN:305,extractGuestUserNames
FN:306,(anonymous_22)
FNF:23
FNH:23
FNDA:17,execSsh
FNDA:17,(anonymous_1)
FNDA:17,(anonymous_2)
FNDA:2,(anonymous_3)
FNDA:13,(anonymous_4)
FNDA:13,(anonymous_5)
FNDA:18,(anonymous_6)
FNDA:5,(anonymous_7)
FNDA:5,(anonymous_8)
FNDA:9,(anonymous_9)
FNDA:2,(anonymous_10)
FNDA:1,(anonymous_11)
FNDA:2,(anonymous_12)
FNDA:3,(anonymous_13)
FNDA:7,parseUsernameList
FNDA:4,getGuestUsers
FNDA:7,(anonymous_16)
FNDA:3,(anonymous_17)
FNDA:17,parseLifetimeToMinutes
FNDA:11,extractGuestUsers
FNDA:5,minutesToLifetime
FNDA:2,extractGuestUserNames
FNDA:1,(anonymous_22)
DA:31,3
DA:40,17
DA:41,17
DA:42,17
DA:43,17
DA:53,17
DA:54,17
DA:55,17
DA:56,17
DA:57,16
DA:58,16
DA:59,16
DA:62,17
DA:63,2
DA:66,17
DA:67,13
DA:68,13
DA:69,1
DA:70,1
DA:73,12
DA:74,12
DA:75,12
DA:76,12
DA:77,13
DA:79,13
DA:80,18
DA:81,18
DA:82,5
DA:83,5
DA:84,5
DA:85,5
DA:86,5
DA:87,5
DA:90,5
DA:92,13
DA:93,13
DA:94,13
DA:95,13
DA:98,13
DA:99,9
DA:100,9
DA:101,9
DA:102,9
DA:103,8
DA:104,26
DA:105,26
DA:106,6
DA:107,6
DA:108,6
DA:114,6
DA:115,6
DA:120,13
DA:121,2
DA:122,2
DA:123,2
DA:127,13
DA:131,17
DA:132,1
DA:133,1
DA:134,1
DA:137,17
DA:139,3
DA:142,17
DA:154,7
DA:155,7
DA:156,7
DA:157,18
DA:158,18
DA:159,13
DA:165,7
DA:173,7
DA:190,17
DA:193,17
DA:194,14
DA:195,14
DA:196,14
DA:197,14
DA:198,14
DA:199,14
DA:200,14
DA:225,11
DA:226,11
DA:227,11
DA:228,11
DA:230,11
DA:231,40
DA:234,40
DA:235,40
DA:237,10
DA:238,1
DA:240,10
DA:245,10
DA:246,10
DA:249,30
DA:252,25
DA:253,9
DA:255,9
DA:256,9
DA:257,8
DA:258,8
DA:259,8
DA:262,9
DA:266,16
DA:267,1
DA:268,1
DA:271,15
DA:272,15
DA:273,9
DA:274,9
DA:279,11
DA:280,8
DA:283,11
DA:292,5
DA:293,5
DA:294,5
DA:295,5
DA:296,5
DA:297,5
DA:298,5
DA:299,5
DA:300,5
DA:301,5
DA:306,2
LF:123
LH:123
BRDA:42,0,0,17
BRDA:42,0,1,15
BRDA:45,1,0,17
BRDA:45,1,1,17
BRDA:56,2,0,1
BRDA:56,2,1,16
BRDA:68,3,0,1
BRDA:68,3,1,12
BRDA:76,4,0,12
BRDA:76,4,1,11
BRDA:77,5,0,13
BRDA:77,5,1,11
BRDA:80,6,0,0
BRDA:80,6,1,18
BRDA:81,7,0,5
BRDA:81,7,1,13
BRDA:83,8,0,0
BRDA:83,8,1,5
BRDA:102,9,0,1
BRDA:102,9,1,8
BRDA:105,10,0,6
BRDA:105,10,1,20
BRDA:122,11,0,2
BRDA:122,11,1,0
BRDA:158,12,0,13
BRDA:158,12,1,5
BRDA:161,13,0,7
BRDA:161,13,1,6
BRDA:193,14,0,3
BRDA:193,14,1,14
BRDA:235,15,0,10
BRDA:235,15,1,30
BRDA:237,16,0,1
BRDA:237,16,1,9
BRDA:237,17,0,10
BRDA:237,17,1,2
BRDA:249,18,0,5
BRDA:249,18,1,25
BRDA:252,19,0,9
BRDA:252,19,1,16
BRDA:256,20,0,8
BRDA:256,20,1,1
BRDA:258,21,0,8
BRDA:258,21,1,0
BRDA:266,22,0,1
BRDA:266,22,1,15
BRDA:272,23,0,9
BRDA:272,23,1,6
BRDA:279,24,0,8
BRDA:279,24,1,3
BRDA:279,25,0,11
BRDA:279,25,1,8
BRF:52
BRH:48
end_of_record
TN:
SF:src/services/wlcWebui.ts
FN:27,loginWebUi
FN:28,(anonymous_1)
FN:47,(anonymous_2)
FN:49,(anonymous_3)
FN:50,(anonymous_4)
FN:63,(anonymous_5)
FN:70,(anonymous_6)
FNF:7
FNH:7
FNDA:11,loginWebUi
FNDA:11,(anonymous_1)
FNDA:9,(anonymous_2)
FNDA:9,(anonymous_3)
FNDA:9,(anonymous_4)
FNDA:1,(anonymous_5)
FNDA:1,(anonymous_6)
DA:28,11
DA:29,11
DA:30,11
DA:31,11
DA:45,11
DA:46,11
DA:47,11
DA:48,9
DA:49,9
DA:50,9
DA:51,9
DA:52,9
DA:53,9
DA:54,9
DA:55,9
DA:56,6
DA:58,3
DA:63,11
DA:64,1
DA:65,1
DA:66,1
DA:67,1
DA:70,11
DA:71,1
DA:72,1
DA:73,1
DA:74,1
DA:77,11
LF:28
LH:28
BRDA:30,0,0,11
BRDA:30,0,1,10
BRDA:46,1,0,11
BRDA:46,1,1,0
BRDA:51,2,0,0
BRDA:51,2,1,9
BRDA:54,3,0,9
BRDA:54,3,1,0
BRDA:55,4,0,6
BRDA:55,4,1,3
BRDA:55,5,0,9
BRDA:55,5,1,8
BRDA:55,5,2,7
BRDA:64,6,0,0
BRDA:64,6,1,1
BRDA:71,7,0,0
BRDA:71,7,1,1
BRF:17
BRH:12
end_of_record
TN:
SF:src/services/ws.ts
FN:35,initWsServer
FN:38,(anonymous_1)
FN:43,(anonymous_2)
FN:48,(anonymous_3)
FN:57,(anonymous_4)
FN:68,broadcast
FNF:6
FNH:6
FNDA:1,initWsServer
FNDA:9,(anonymous_1)
FNDA:8,(anonymous_2)
FNDA:1,(anonymous_3)
FNDA:1,(anonymous_4)
FNDA:22,broadcast
DA:19,4
DA:20,4
DA:36,1
DA:38,1
DA:39,9
DA:40,9
DA:41,9
DA:43,9
DA:44,8
DA:45,8
DA:48,9
DA:49,1
DA:50,1
DA:54,9
DA:57,1
DA:58,1
DA:61,1
DA:69,22
DA:71,11
DA:76,11
DA:77,15
DA:78,15
DA:79,13
DA:81,2
DA:84,1
LF:25
LH:25
BRDA:69,0,0,11
BRDA:69,0,1,11
BRDA:78,1,0,13
BRDA:78,1,1,2
BRF:4
BRH:4
end_of_record
TN:
SF:src/utils/credentials.ts
FN:6,generateCredentials
FN:20,randomInt
FNF:2
FNH:2
FNDA:11,generateCredentials
FNDA:22,randomInt
DA:7,11
DA:11,11
DA:12,11
DA:13,11
DA:14,11
DA:21,22
LF:6
LH:6
BRDA:11,0,0,10
BRDA:11,0,1,1
BRF:2
BRH:2
end_of_record
TN:
SF:src/utils/sanitize.ts
FN:40,sanitizeIOSXE
FN:78,validateUsername
FN:96,validatePassword
FN:111,validateHost
FN:122,validateDurationMinutes
FNF:5
FNH:5
FNDA:94,sanitizeIOSXE
FNDA:50,validateUsername
FNDA:26,validatePassword
FNDA:6,validateHost
FNDA:10,validateDurationMinutes
DA:22,3
DA:29,3
DA:41,94
DA:42,5
DA:45,89
DA:47,89
DA:48,1
DA:51,88
DA:52,1
DA:56,87
DA:57,14
DA:61,73
DA:62,4
DA:65,69
DA:79,50
DA:80,50
DA:81,15
DA:83,27
DA:97,26
DA:98,26
DA:99,0
DA:101,17
DA:112,6
DA:123,10
DA:124,10
DA:125,5
DA:127,5
LF:27
LH:26
BRDA:40,0,0,94
BRDA:41,1,0,5
BRDA:41,1,1,89
BRDA:41,2,0,94
BRDA:41,2,1,89
BRDA:47,3,0,1
BRDA:47,3,1,88
BRDA:51,4,0,1
BRDA:51,4,1,87
BRDA:56,5,0,14
BRDA:56,5,1,73
BRDA:61,6,0,4
BRDA:61,6,1,69
BRDA:79,7,0,50
BRDA:79,7,1,2
BRDA:80,8,0,15
BRDA:80,8,1,35
BRDA:97,9,0,26
BRDA:97,9,1,0
BRDA:98,10,0,0
BRDA:98,10,1,26
BRDA:112,11,0,6
BRDA:112,11,1,0
BRDA:122,12,0,10
BRDA:122,13,0,10
BRDA:124,14,0,5
BRDA:124,14,1,5
BRDA:124,15,0,10
BRDA:124,15,1,9
BRDA:124,15,2,8
BRDA:124,15,3,6
BRF:31
BRH:28
end_of_record
TN:
SF:src/utils/time.ts
FN:7,formatRemaining
FN:14,(anonymous_1)
FN:19,progressPercent
FNF:3
FNH:3
FNDA:5,formatRemaining
FNDA:9,(anonymous_1)
FNDA:5,progressPercent
DA:8,5
DA:9,5
DA:10,3
DA:11,3
DA:12,3
DA:13,3
DA:14,9
DA:15,3
DA:16,2
DA:20,5
DA:21,4
DA:22,4
LF:12
LH:12
BRDA:9,0,0,2
BRDA:9,0,1,3
BRDA:15,1,0,1
BRDA:15,1,1,2
BRDA:20,2,0,1
BRDA:20,2,1,4
BRF:6
BRH:6
end_of_record
